This is pdfTeX, Version 3.1415926-2.5-1.40.14 (MiKTeX 2.9) (preloaded format=pdflatex 2015.1.25)  17 APR 2015 15:31
entering extended mode
**thesisfollowup.tex

(C:\Users\ECONGUEST\Documents\GitHub\Gametheory\Thesisfollowup\thesisfollowup.t
ex
LaTeX2e <2011/06/27>
Babel <v3.8m> and hyphenation patterns for english, afrikaans, ancientgreek, ar
abic, armenian, assamese, basque, bengali, bokmal, bulgarian, catalan, coptic, 
croatian, czech, danish, dutch, esperanto, estonian, farsi, finnish, french, ga
lician, german, german-x-2013-05-26, greek, gujarati, hindi, hungarian, iceland
ic, indonesian, interlingua, irish, italian, kannada, kurmanji, latin, latvian,
 lithuanian, malayalam, marathi, mongolian, mongolianlmc, monogreek, ngerman, n
german-x-2013-05-26, nynorsk, oriya, panjabi, pinyin, polish, portuguese, roman
ian, russian, sanskrit, serbian, slovak, slovenian, spanish, swedish, swissgerm
an, tamil, telugu, turkish, turkmen, ukenglish, ukrainian, uppersorbian, usengl
ishmax, welsh, loaded.
("C:\Program Files (x86)\MiKTeX 2.9\tex\latex\base\article.cls"
Document Class: article 2007/10/19 v1.4h Standard LaTeX document class
("C:\Program Files (x86)\MiKTeX 2.9\tex\latex\base\size11.clo"
File: size11.clo 2007/10/19 v1.4h Standard LaTeX file (size option)
)
\c@part=\count79
\c@section=\count80
\c@subsection=\count81
\c@subsubsection=\count82
\c@paragraph=\count83
\c@subparagraph=\count84
\c@figure=\count85
\c@table=\count86
\abovecaptionskip=\skip41
\belowcaptionskip=\skip42
\bibindent=\dimen102
)
("C:\Program Files (x86)\MiKTeX 2.9\tex\generic\babel\babel.sty"
Package: babel 2008/07/08 v3.8m The Babel package

*************************************
* Local config file bblopts.cfg used
*
("C:\Program Files (x86)\MiKTeX 2.9\tex\latex\00miktex\bblopts.cfg"
File: bblopts.cfg 2006/07/31 v1.0 MiKTeX 'babel' configuration
)
("C:\Program Files (x86)\MiKTeX 2.9\tex\generic\babel\dutch.ldf"
Language: dutch 2005/03/30 v3.8i Dutch support from the babel system

("C:\Program Files (x86)\MiKTeX 2.9\tex\generic\babel\babel.def"
File: babel.def 2008/07/08 v3.8m Babel common definitions
\babel@savecnt=\count87
\U@D=\dimen103
)
Package babel Info: Making " an active character on input line 132.
))
("C:\Program Files (x86)\MiKTeX 2.9\tex\latex\graphics\graphicx.sty"
Package: graphicx 1999/02/16 v1.0f Enhanced LaTeX Graphics (DPC,SPQR)

("C:\Program Files (x86)\MiKTeX 2.9\tex\latex\graphics\keyval.sty"
Package: keyval 1999/03/16 v1.13 key=value parser (DPC)
\KV@toks@=\toks14
)
("C:\Program Files (x86)\MiKTeX 2.9\tex\latex\graphics\graphics.sty"
Package: graphics 2009/02/05 v1.0o Standard LaTeX Graphics (DPC,SPQR)

("C:\Program Files (x86)\MiKTeX 2.9\tex\latex\graphics\trig.sty"
Package: trig 1999/03/16 v1.09 sin cos tan (DPC)
)
("C:\Program Files (x86)\MiKTeX 2.9\tex\latex\00miktex\graphics.cfg"
File: graphics.cfg 2007/01/18 v1.5 graphics configuration of teTeX/TeXLive
)
Package graphics Info: Driver file: pdftex.def on input line 91.

("C:\Program Files (x86)\MiKTeX 2.9\tex\latex\pdftex-def\pdftex.def"
File: pdftex.def 2011/05/27 v0.06d Graphics/color for pdfTeX

("C:\Program Files (x86)\MiKTeX 2.9\tex\generic\oberdiek\infwarerr.sty"
Package: infwarerr 2010/04/08 v1.3 Providing info/warning/error messages (HO)
)
("C:\Program Files (x86)\MiKTeX 2.9\tex\generic\oberdiek\ltxcmds.sty"
Package: ltxcmds 2011/11/09 v1.22 LaTeX kernel commands for general use (HO)
)
\Gread@gobject=\count88
))
\Gin@req@height=\dimen104
\Gin@req@width=\dimen105
)
("C:\Program Files (x86)\MiKTeX 2.9\tex\latex\amsmath\amsmath.sty"
Package: amsmath 2013/01/14 v2.14 AMS math features
\@mathmargin=\skip43

For additional information on amsmath, use the `?' option.
("C:\Program Files (x86)\MiKTeX 2.9\tex\latex\amsmath\amstext.sty"
Package: amstext 2000/06/29 v2.01

("C:\Program Files (x86)\MiKTeX 2.9\tex\latex\amsmath\amsgen.sty"
File: amsgen.sty 1999/11/30 v2.0
\@emptytoks=\toks15
\ex@=\dimen106
))
("C:\Program Files (x86)\MiKTeX 2.9\tex\latex\amsmath\amsbsy.sty"
Package: amsbsy 1999/11/29 v1.2d
\pmbraise@=\dimen107
)
("C:\Program Files (x86)\MiKTeX 2.9\tex\latex\amsmath\amsopn.sty"
Package: amsopn 1999/12/14 v2.01 operator names
)
\inf@bad=\count89
LaTeX Info: Redefining \frac on input line 210.
\uproot@=\count90
\leftroot@=\count91
LaTeX Info: Redefining \overline on input line 306.
\classnum@=\count92
\DOTSCASE@=\count93
LaTeX Info: Redefining \ldots on input line 378.
LaTeX Info: Redefining \dots on input line 381.
LaTeX Info: Redefining \cdots on input line 466.
\Mathstrutbox@=\box26
\strutbox@=\box27
\big@size=\dimen108
LaTeX Font Info:    Redeclaring font encoding OML on input line 566.
LaTeX Font Info:    Redeclaring font encoding OMS on input line 567.
\macc@depth=\count94
\c@MaxMatrixCols=\count95
\dotsspace@=\muskip10
\c@parentequation=\count96
\dspbrk@lvl=\count97
\tag@help=\toks16
\row@=\count98
\column@=\count99
\maxfields@=\count100
\andhelp@=\toks17
\eqnshift@=\dimen109
\alignsep@=\dimen110
\tagshift@=\dimen111
\tagwidth@=\dimen112
\totwidth@=\dimen113
\lineht@=\dimen114
\@envbody=\toks18
\multlinegap=\skip44
\multlinetaggap=\skip45
\mathdisplay@stack=\toks19
LaTeX Info: Redefining \[ on input line 2665.
LaTeX Info: Redefining \] on input line 2666.
)
(C:\Users\ECONGUEST\AppData\Roaming\MiKTeX\2.9\tex\latex\preprint\fullpage.sty
Package: fullpage 1999/02/23 1.1 (PWD)
\FP@margin=\skip46
) (C:\Users\ECONGUEST\AppData\Roaming\MiKTeX\2.9\tex\latex\listings\listings.st
y
\lst@mode=\count101
\lst@gtempboxa=\box28
\lst@token=\toks20
\lst@length=\count102
\lst@currlwidth=\dimen115
\lst@column=\count103
\lst@pos=\count104
\lst@lostspace=\dimen116
\lst@width=\dimen117
\lst@newlines=\count105
\lst@lineno=\count106
\lst@maxwidth=\dimen118
(C:\Users\ECONGUEST\AppData\Roaming\MiKTeX\2.9\tex\latex\listings\lstmisc.sty
File: lstmisc.sty 2014/09/06 1.5e (Carsten Heinz)
\c@lstnumber=\count107
\lst@skipnumbers=\count108
\lst@framebox=\box29
)
(C:\Users\ECONGUEST\AppData\Roaming\MiKTeX\2.9\tex\latex\listings\listings.cfg
File: listings.cfg 2014/09/06 1.5e listings configuration
))
Package: listings 2014/09/06 1.5e (Carsten Heinz)
 ("C:\Program Files (x86)\MiKTeX 2.9\tex\latex\graphics\color.sty"
Package: color 2005/11/14 v1.0j Standard LaTeX Color (DPC)

("C:\Program Files (x86)\MiKTeX 2.9\tex\latex\00miktex\color.cfg"
File: color.cfg 2007/01/18 v1.5 color configuration of teTeX/TeXLive
)
Package color Info: Driver file: pdftex.def on input line 130.
)
(C:\Users\ECONGUEST\AppData\Roaming\MiKTeX\2.9\tex\latex\soul\soul.sty
Package: soul 2003/11/17 v2.4 letterspacing/underlining (mf)
\SOUL@word=\toks21
\SOUL@lasttoken=\toks22
\SOUL@cmds=\toks23
\SOUL@buffer=\toks24
\SOUL@token=\toks25
\SOUL@spaceskip=\skip47
\SOUL@ttwidth=\dimen119
\SOUL@uldp=\dimen120
\SOUL@ulht=\dimen121
)
(C:\Users\ECONGUEST\AppData\Roaming\MiKTeX\2.9\tex\latex\pgf\frontendlayer\tikz
.sty
(C:\Users\ECONGUEST\AppData\Roaming\MiKTeX\2.9\tex\latex\pgf\basiclayer\pgf.sty

(C:\Users\ECONGUEST\AppData\Roaming\MiKTeX\2.9\tex\latex\pgf\utilities\pgfrcs.s
ty
(C:\Users\ECONGUEST\AppData\Roaming\MiKTeX\2.9\tex\generic\pgf\utilities\pgfuti
l-common.tex
\pgfutil@everybye=\toks26
\pgfutil@tempdima=\dimen122
\pgfutil@tempdimb=\dimen123

(C:\Users\ECONGUEST\AppData\Roaming\MiKTeX\2.9\tex\generic\pgf\utilities\pgfuti
l-common-lists.tex))
(C:\Users\ECONGUEST\AppData\Roaming\MiKTeX\2.9\tex\generic\pgf\utilities\pgfuti
l-latex.def
\pgfutil@abb=\box30

(C:\Users\ECONGUEST\AppData\Roaming\MiKTeX\2.9\tex\latex\ms\everyshi.sty
Package: everyshi 2001/05/15 v3.00 EveryShipout Package (MS)
))
(C:\Users\ECONGUEST\AppData\Roaming\MiKTeX\2.9\tex\generic\pgf\utilities\pgfrcs
.code.tex
Package: pgfrcs 2013/12/20 v3.0.0 (rcs-revision 1.28)
))
Package: pgf 2013/12/18 v3.0.0 (rcs-revision 1.14)

(C:\Users\ECONGUEST\AppData\Roaming\MiKTeX\2.9\tex\latex\pgf\basiclayer\pgfcore
.sty
(C:\Users\ECONGUEST\AppData\Roaming\MiKTeX\2.9\tex\latex\pgf\systemlayer\pgfsys
.sty
(C:\Users\ECONGUEST\AppData\Roaming\MiKTeX\2.9\tex\generic\pgf\systemlayer\pgfs
ys.code.tex
Package: pgfsys 2013/11/30 v3.0.0 (rcs-revision 1.47)

(C:\Users\ECONGUEST\AppData\Roaming\MiKTeX\2.9\tex\generic\pgf\utilities\pgfkey
s.code.tex
\pgfkeys@pathtoks=\toks27
\pgfkeys@temptoks=\toks28

(C:\Users\ECONGUEST\AppData\Roaming\MiKTeX\2.9\tex\generic\pgf\utilities\pgfkey
sfiltered.code.tex
\pgfkeys@tmptoks=\toks29
))
\pgf@x=\dimen124
\pgf@y=\dimen125
\pgf@xa=\dimen126
\pgf@ya=\dimen127
\pgf@xb=\dimen128
\pgf@yb=\dimen129
\pgf@xc=\dimen130
\pgf@yc=\dimen131
\w@pgf@writea=\write3
\r@pgf@reada=\read1
\c@pgf@counta=\count109
\c@pgf@countb=\count110
\c@pgf@countc=\count111
\c@pgf@countd=\count112
\t@pgf@toka=\toks30
\t@pgf@tokb=\toks31
\t@pgf@tokc=\toks32

(C:\Users\ECONGUEST\AppData\Roaming\MiKTeX\2.9\tex\generic\pgf\systemlayer\pgf.
cfg
File: pgf.cfg 2008/05/14  (rcs-revision 1.7)
)
Driver file for pgf: pgfsys-pdftex.def

(C:\Users\ECONGUEST\AppData\Roaming\MiKTeX\2.9\tex\generic\pgf\systemlayer\pgfs
ys-pdftex.def
File: pgfsys-pdftex.def 2013/07/18  (rcs-revision 1.33)

(C:\Users\ECONGUEST\AppData\Roaming\MiKTeX\2.9\tex\generic\pgf\systemlayer\pgfs
ys-common-pdf.def
File: pgfsys-common-pdf.def 2013/10/10  (rcs-revision 1.13)
)))
(C:\Users\ECONGUEST\AppData\Roaming\MiKTeX\2.9\tex\generic\pgf\systemlayer\pgfs
yssoftpath.code.tex
File: pgfsyssoftpath.code.tex 2013/09/09  (rcs-revision 1.9)
\pgfsyssoftpath@smallbuffer@items=\count113
\pgfsyssoftpath@bigbuffer@items=\count114
)
(C:\Users\ECONGUEST\AppData\Roaming\MiKTeX\2.9\tex\generic\pgf\systemlayer\pgfs
ysprotocol.code.tex
File: pgfsysprotocol.code.tex 2006/10/16  (rcs-revision 1.4)
))
(C:\Users\ECONGUEST\AppData\Roaming\MiKTeX\2.9\tex\latex\xcolor\xcolor.sty
Package: xcolor 2007/01/21 v2.11 LaTeX color extensions (UK)

("C:\Program Files (x86)\MiKTeX 2.9\tex\latex\00miktex\color.cfg"
File: color.cfg 2007/01/18 v1.5 color configuration of teTeX/TeXLive
)
Package xcolor Info: Driver file: pdftex.def on input line 225.
LaTeX Info: Redefining \color on input line 702.
Package xcolor Info: Model `cmy' substituted by `cmy0' on input line 1337.
Package xcolor Info: Model `hsb' substituted by `rgb' on input line 1341.
Package xcolor Info: Model `RGB' extended on input line 1353.
Package xcolor Info: Model `HTML' substituted by `rgb' on input line 1355.
Package xcolor Info: Model `Hsb' substituted by `hsb' on input line 1356.
Package xcolor Info: Model `tHsb' substituted by `hsb' on input line 1357.
Package xcolor Info: Model `HSB' substituted by `hsb' on input line 1358.
Package xcolor Info: Model `Gray' substituted by `gray' on input line 1359.
Package xcolor Info: Model `wave' substituted by `hsb' on input line 1360.
)
(C:\Users\ECONGUEST\AppData\Roaming\MiKTeX\2.9\tex\generic\pgf\basiclayer\pgfco
re.code.tex
Package: pgfcore 2010/04/11 v3.0.0 (rcs-revision 1.7)

(C:\Users\ECONGUEST\AppData\Roaming\MiKTeX\2.9\tex\generic\pgf\math\pgfmath.cod
e.tex
(C:\Users\ECONGUEST\AppData\Roaming\MiKTeX\2.9\tex\generic\pgf\math\pgfmathcalc
.code.tex
(C:\Users\ECONGUEST\AppData\Roaming\MiKTeX\2.9\tex\generic\pgf\math\pgfmathutil
.code.tex)
(C:\Users\ECONGUEST\AppData\Roaming\MiKTeX\2.9\tex\generic\pgf\math\pgfmathpars
er.code.tex
\pgfmath@dimen=\dimen132
\pgfmath@count=\count115
\pgfmath@box=\box31
\pgfmath@toks=\toks33
\pgfmath@stack@operand=\toks34
\pgfmath@stack@operation=\toks35
)
(C:\Users\ECONGUEST\AppData\Roaming\MiKTeX\2.9\tex\generic\pgf\math\pgfmathfunc
tions.code.tex
(C:\Users\ECONGUEST\AppData\Roaming\MiKTeX\2.9\tex\generic\pgf\math\pgfmathfunc
tions.basic.code.tex)
(C:\Users\ECONGUEST\AppData\Roaming\MiKTeX\2.9\tex\generic\pgf\math\pgfmathfunc
tions.trigonometric.code.tex)
(C:\Users\ECONGUEST\AppData\Roaming\MiKTeX\2.9\tex\generic\pgf\math\pgfmathfunc
tions.random.code.tex)
(C:\Users\ECONGUEST\AppData\Roaming\MiKTeX\2.9\tex\generic\pgf\math\pgfmathfunc
tions.comparison.code.tex)
(C:\Users\ECONGUEST\AppData\Roaming\MiKTeX\2.9\tex\generic\pgf\math\pgfmathfunc
tions.base.code.tex)
(C:\Users\ECONGUEST\AppData\Roaming\MiKTeX\2.9\tex\generic\pgf\math\pgfmathfunc
tions.round.code.tex)
(C:\Users\ECONGUEST\AppData\Roaming\MiKTeX\2.9\tex\generic\pgf\math\pgfmathfunc
tions.misc.code.tex)
(C:\Users\ECONGUEST\AppData\Roaming\MiKTeX\2.9\tex\generic\pgf\math\pgfmathfunc
tions.integerarithmetics.code.tex)))
(C:\Users\ECONGUEST\AppData\Roaming\MiKTeX\2.9\tex\generic\pgf\math\pgfmathfloa
t.code.tex
\c@pgfmathroundto@lastzeros=\count116
))
(C:\Users\ECONGUEST\AppData\Roaming\MiKTeX\2.9\tex\generic\pgf\basiclayer\pgfco
repoints.code.tex
File: pgfcorepoints.code.tex 2013/10/07  (rcs-revision 1.27)
\pgf@picminx=\dimen133
\pgf@picmaxx=\dimen134
\pgf@picminy=\dimen135
\pgf@picmaxy=\dimen136
\pgf@pathminx=\dimen137
\pgf@pathmaxx=\dimen138
\pgf@pathminy=\dimen139
\pgf@pathmaxy=\dimen140
\pgf@xx=\dimen141
\pgf@xy=\dimen142
\pgf@yx=\dimen143
\pgf@yy=\dimen144
\pgf@zx=\dimen145
\pgf@zy=\dimen146
)
(C:\Users\ECONGUEST\AppData\Roaming\MiKTeX\2.9\tex\generic\pgf\basiclayer\pgfco
repathconstruct.code.tex
File: pgfcorepathconstruct.code.tex 2013/10/07  (rcs-revision 1.29)
\pgf@path@lastx=\dimen147
\pgf@path@lasty=\dimen148
)
(C:\Users\ECONGUEST\AppData\Roaming\MiKTeX\2.9\tex\generic\pgf\basiclayer\pgfco
repathusage.code.tex
File: pgfcorepathusage.code.tex 2013/12/13  (rcs-revision 1.23)
\pgf@shorten@end@additional=\dimen149
\pgf@shorten@start@additional=\dimen150
)
(C:\Users\ECONGUEST\AppData\Roaming\MiKTeX\2.9\tex\generic\pgf\basiclayer\pgfco
rescopes.code.tex
File: pgfcorescopes.code.tex 2013/10/09  (rcs-revision 1.44)
\pgfpic=\box32
\pgf@hbox=\box33
\pgf@layerbox@main=\box34
\pgf@picture@serial@count=\count117
)
(C:\Users\ECONGUEST\AppData\Roaming\MiKTeX\2.9\tex\generic\pgf\basiclayer\pgfco
regraphicstate.code.tex
File: pgfcoregraphicstate.code.tex 2013/09/19  (rcs-revision 1.11)
\pgflinewidth=\dimen151
)
(C:\Users\ECONGUEST\AppData\Roaming\MiKTeX\2.9\tex\generic\pgf\basiclayer\pgfco
retransformations.code.tex
File: pgfcoretransformations.code.tex 2013/10/10  (rcs-revision 1.17)
\pgf@pt@x=\dimen152
\pgf@pt@y=\dimen153
\pgf@pt@temp=\dimen154
)
(C:\Users\ECONGUEST\AppData\Roaming\MiKTeX\2.9\tex\generic\pgf\basiclayer\pgfco
requick.code.tex
File: pgfcorequick.code.tex 2008/10/09  (rcs-revision 1.3)
)
(C:\Users\ECONGUEST\AppData\Roaming\MiKTeX\2.9\tex\generic\pgf\basiclayer\pgfco
reobjects.code.tex
File: pgfcoreobjects.code.tex 2006/10/11  (rcs-revision 1.2)
)
(C:\Users\ECONGUEST\AppData\Roaming\MiKTeX\2.9\tex\generic\pgf\basiclayer\pgfco
repathprocessing.code.tex
File: pgfcorepathprocessing.code.tex 2013/09/09  (rcs-revision 1.9)
)
(C:\Users\ECONGUEST\AppData\Roaming\MiKTeX\2.9\tex\generic\pgf\basiclayer\pgfco
rearrows.code.tex
File: pgfcorearrows.code.tex 2013/11/07  (rcs-revision 1.40)
\pgfarrowsep=\dimen155
)
(C:\Users\ECONGUEST\AppData\Roaming\MiKTeX\2.9\tex\generic\pgf\basiclayer\pgfco
reshade.code.tex
File: pgfcoreshade.code.tex 2013/07/15  (rcs-revision 1.15)
\pgf@max=\dimen156
\pgf@sys@shading@range@num=\count118
)
(C:\Users\ECONGUEST\AppData\Roaming\MiKTeX\2.9\tex\generic\pgf\basiclayer\pgfco
reimage.code.tex
File: pgfcoreimage.code.tex 2013/07/15  (rcs-revision 1.18)

(C:\Users\ECONGUEST\AppData\Roaming\MiKTeX\2.9\tex\generic\pgf\basiclayer\pgfco
reexternal.code.tex
File: pgfcoreexternal.code.tex 2013/07/15  (rcs-revision 1.20)
\pgfexternal@startupbox=\box35
))
(C:\Users\ECONGUEST\AppData\Roaming\MiKTeX\2.9\tex\generic\pgf\basiclayer\pgfco
relayers.code.tex
File: pgfcorelayers.code.tex 2013/07/18  (rcs-revision 1.7)
)
(C:\Users\ECONGUEST\AppData\Roaming\MiKTeX\2.9\tex\generic\pgf\basiclayer\pgfco
retransparency.code.tex
File: pgfcoretransparency.code.tex 2013/09/30  (rcs-revision 1.5)
)
(C:\Users\ECONGUEST\AppData\Roaming\MiKTeX\2.9\tex\generic\pgf\basiclayer\pgfco
repatterns.code.tex
File: pgfcorepatterns.code.tex 2013/11/07  (rcs-revision 1.5)
)))
(C:\Users\ECONGUEST\AppData\Roaming\MiKTeX\2.9\tex\generic\pgf\modules\pgfmodul
eshapes.code.tex
File: pgfmoduleshapes.code.tex 2013/10/31  (rcs-revision 1.34)
\pgfnodeparttextbox=\box36
)
(C:\Users\ECONGUEST\AppData\Roaming\MiKTeX\2.9\tex\generic\pgf\modules\pgfmodul
eplot.code.tex
File: pgfmoduleplot.code.tex 2013/07/31  (rcs-revision 1.12)
)
(C:\Users\ECONGUEST\AppData\Roaming\MiKTeX\2.9\tex\latex\pgf\compatibility\pgfc
omp-version-0-65.sty
Package: pgfcomp-version-0-65 2007/07/03 v3.0.0 (rcs-revision 1.7)
\pgf@nodesepstart=\dimen157
\pgf@nodesepend=\dimen158
)
(C:\Users\ECONGUEST\AppData\Roaming\MiKTeX\2.9\tex\latex\pgf\compatibility\pgfc
omp-version-1-18.sty
Package: pgfcomp-version-1-18 2007/07/23 v3.0.0 (rcs-revision 1.1)
))
(C:\Users\ECONGUEST\AppData\Roaming\MiKTeX\2.9\tex\latex\pgf\utilities\pgffor.s
ty
(C:\Users\ECONGUEST\AppData\Roaming\MiKTeX\2.9\tex\latex\pgf\utilities\pgfkeys.
sty
(C:\Users\ECONGUEST\AppData\Roaming\MiKTeX\2.9\tex\generic\pgf\utilities\pgfkey
s.code.tex))
(C:\Users\ECONGUEST\AppData\Roaming\MiKTeX\2.9\tex\latex\pgf\math\pgfmath.sty
(C:\Users\ECONGUEST\AppData\Roaming\MiKTeX\2.9\tex\generic\pgf\math\pgfmath.cod
e.tex))
(C:\Users\ECONGUEST\AppData\Roaming\MiKTeX\2.9\tex\generic\pgf\utilities\pgffor
.code.tex
Package: pgffor 2013/12/13 v3.0.0 (rcs-revision 1.25)

(C:\Users\ECONGUEST\AppData\Roaming\MiKTeX\2.9\tex\generic\pgf\math\pgfmath.cod
e.tex)
\pgffor@iter=\dimen159
\pgffor@skip=\dimen160
\pgffor@stack=\toks36
\pgffor@toks=\toks37
))
(C:\Users\ECONGUEST\AppData\Roaming\MiKTeX\2.9\tex\generic\pgf\frontendlayer\ti
kz\tikz.code.tex
Package: tikz 2013/12/13 v3.0.0 (rcs-revision 1.142)

(C:\Users\ECONGUEST\AppData\Roaming\MiKTeX\2.9\tex\generic\pgf\libraries\pgflib
raryplothandlers.code.tex
File: pgflibraryplothandlers.code.tex 2013/08/31 v3.0.0 (rcs-revision 1.20)
\pgf@plot@mark@count=\count119
\pgfplotmarksize=\dimen161
)
\tikz@lastx=\dimen162
\tikz@lasty=\dimen163
\tikz@lastxsaved=\dimen164
\tikz@lastysaved=\dimen165
\tikzleveldistance=\dimen166
\tikzsiblingdistance=\dimen167
\tikz@figbox=\box37
\tikz@figbox@bg=\box38
\tikz@tempbox=\box39
\tikz@tempbox@bg=\box40
\tikztreelevel=\count120
\tikznumberofchildren=\count121
\tikznumberofcurrentchild=\count122
\tikz@fig@count=\count123

(C:\Users\ECONGUEST\AppData\Roaming\MiKTeX\2.9\tex\generic\pgf\modules\pgfmodul
ematrix.code.tex
File: pgfmodulematrix.code.tex 2013/09/17  (rcs-revision 1.8)
\pgfmatrixcurrentrow=\count124
\pgfmatrixcurrentcolumn=\count125
\pgf@matrix@numberofcolumns=\count126
)
\tikz@expandcount=\count127

(C:\Users\ECONGUEST\AppData\Roaming\MiKTeX\2.9\tex\generic\pgf\frontendlayer\ti
kz\libraries\tikzlibrarytopaths.code.tex
File: tikzlibrarytopaths.code.tex 2008/06/17 v3.0.0 (rcs-revision 1.2)
)))
("C:\Program Files (x86)\MiKTeX 2.9\tex\latex\hyperref\hyperref.sty"
Package: hyperref 2012/11/06 v6.83m Hypertext links for LaTeX

("C:\Program Files (x86)\MiKTeX 2.9\tex\generic\oberdiek\hobsub-hyperref.sty"
Package: hobsub-hyperref 2012/04/25 v1.12 Bundle oberdiek, subset hyperref (HO)


("C:\Program Files (x86)\MiKTeX 2.9\tex\generic\oberdiek\hobsub-generic.sty"
Package: hobsub-generic 2012/04/25 v1.12 Bundle oberdiek, subset generic (HO)
Package: hobsub 2012/04/25 v1.12 Construct package bundles (HO)
Package hobsub Info: Skipping package `infwarerr' (already loaded).
Package hobsub Info: Skipping package `ltxcmds' (already loaded).
Package: ifluatex 2010/03/01 v1.3 Provides the ifluatex switch (HO)
Package ifluatex Info: LuaTeX not detected.
Package: ifvtex 2010/03/01 v1.5 Detect VTeX and its facilities (HO)
Package ifvtex Info: VTeX not detected.
Package: intcalc 2007/09/27 v1.1 Expandable calculations with integers (HO)
Package: ifpdf 2011/01/30 v2.3 Provides the ifpdf switch (HO)
Package ifpdf Info: pdfTeX in PDF mode is detected.
Package: etexcmds 2011/02/16 v1.5 Avoid name clashes with e-TeX commands (HO)
Package etexcmds Info: Could not find \expanded.
(etexcmds)             That can mean that you are not using pdfTeX 1.50 or
(etexcmds)             that some package has redefined \expanded.
(etexcmds)             In the latter case, load this package earlier.
Package: kvsetkeys 2012/04/25 v1.16 Key value parser (HO)
Package: kvdefinekeys 2011/04/07 v1.3 Define keys (HO)
Package: pdftexcmds 2011/11/29 v0.20 Utility functions of pdfTeX for LuaTeX (HO
)
Package pdftexcmds Info: LuaTeX not detected.
Package pdftexcmds Info: \pdf@primitive is available.
Package pdftexcmds Info: \pdf@ifprimitive is available.
Package pdftexcmds Info: \pdfdraftmode found.
Package: pdfescape 2011/11/25 v1.13 Implements pdfTeX's escape features (HO)
Package: bigintcalc 2012/04/08 v1.3 Expandable calculations on big integers (HO
)
Package: bitset 2011/01/30 v1.1 Handle bit-vector datatype (HO)
Package: uniquecounter 2011/01/30 v1.2 Provide unlimited unique counter (HO)
)
Package hobsub Info: Skipping package `hobsub' (already loaded).
Package: letltxmacro 2010/09/02 v1.4 Let assignment for LaTeX macros (HO)
Package: hopatch 2011/06/24 v1.1 Wrapper for package hooks (HO)
Package: xcolor-patch 2011/01/30 xcolor patch
Package: atveryend 2011/06/30 v1.8 Hooks at the very end of document (HO)
Package atveryend Info: \enddocument detected (standard20110627).
Package: atbegshi 2011/10/05 v1.16 At begin shipout hook (HO)
Package: refcount 2011/10/16 v3.4 Data extraction from label references (HO)
Package: hycolor 2011/01/30 v1.7 Color options for hyperref/bookmark (HO)
)
("C:\Program Files (x86)\MiKTeX 2.9\tex\generic\ifxetex\ifxetex.sty"
Package: ifxetex 2010/09/12 v0.6 Provides ifxetex conditional
)
("C:\Program Files (x86)\MiKTeX 2.9\tex\latex\oberdiek\auxhook.sty"
Package: auxhook 2011/03/04 v1.3 Hooks for auxiliary files (HO)
)
("C:\Program Files (x86)\MiKTeX 2.9\tex\latex\oberdiek\kvoptions.sty"
Package: kvoptions 2011/06/30 v3.11 Key value format for package options (HO)
)
\@linkdim=\dimen168
\Hy@linkcounter=\count128
\Hy@pagecounter=\count129

("C:\Program Files (x86)\MiKTeX 2.9\tex\latex\hyperref\pd1enc.def"
File: pd1enc.def 2012/11/06 v6.83m Hyperref: PDFDocEncoding definition (HO)
)
\Hy@SavedSpaceFactor=\count130

("C:\Program Files (x86)\MiKTeX 2.9\tex\latex\00miktex\hyperref.cfg"
File: hyperref.cfg 2002/06/06 v1.2 hyperref configuration of TeXLive
)
Package hyperref Info: Hyper figures OFF on input line 4443.
Package hyperref Info: Link nesting OFF on input line 4448.
Package hyperref Info: Hyper index ON on input line 4451.
Package hyperref Info: Plain pages OFF on input line 4458.
Package hyperref Info: Backreferencing OFF on input line 4463.
Package hyperref Info: Implicit mode ON; LaTeX internals redefined.
Package hyperref Info: Bookmarks ON on input line 4688.
\c@Hy@tempcnt=\count131

(C:\Users\ECONGUEST\AppData\Roaming\MiKTeX\2.9\tex\latex\url\url.sty
\Urlmuskip=\muskip11
Package: url 2013/09/16  ver 3.4  Verb mode for urls, etc.
)
LaTeX Info: Redefining \url on input line 5041.
\XeTeXLinkMargin=\dimen169
\Fld@menulength=\count132
\Field@Width=\dimen170
\Fld@charsize=\dimen171
Package hyperref Info: Hyper figures OFF on input line 6295.
Package hyperref Info: Link nesting OFF on input line 6300.
Package hyperref Info: Hyper index ON on input line 6303.
Package hyperref Info: backreferencing OFF on input line 6310.
Package hyperref Info: Link coloring OFF on input line 6315.
Package hyperref Info: Link coloring with OCG OFF on input line 6320.
Package hyperref Info: PDF/A mode OFF on input line 6325.
LaTeX Info: Redefining \ref on input line 6365.
LaTeX Info: Redefining \pageref on input line 6369.
\Hy@abspage=\count133
\c@Item=\count134
\c@Hfootnote=\count135
)

Package hyperref Message: Driver (autodetected): hpdftex.

("C:\Program Files (x86)\MiKTeX 2.9\tex\latex\hyperref\hpdftex.def"
File: hpdftex.def 2012/11/06 v6.83m Hyperref driver for pdfTeX
\Fld@listcount=\count136
\c@bookmark@seq@number=\count137

("C:\Program Files (x86)\MiKTeX 2.9\tex\latex\oberdiek\rerunfilecheck.sty"
Package: rerunfilecheck 2011/04/15 v1.7 Rerun checks for auxiliary files (HO)
Package uniquecounter Info: New unique counter `rerunfilecheck' on input line 2
82.
)
\Hy@SectionHShift=\skip48
)
("C:\Program Files (x86)\MiKTeX 2.9\tex\latex\ltxmisc\parskip.sty"
Package: parskip 2001/04/09 non-zero parskip adjustments
)
(C:\Users\ECONGUEST\AppData\Roaming\MiKTeX\2.9\tex\latex\listings\lstlang1.sty
File: lstlang1.sty 2014/09/06 1.5e listings language file
)
(C:\Users\ECONGUEST\Documents\GitHub\Gametheory\Thesisfollowup\thesisfollowup.a
ux)
LaTeX Font Info:    Checking defaults for OML/cmm/m/it on input line 43.
LaTeX Font Info:    ... okay on input line 43.
LaTeX Font Info:    Checking defaults for T1/cmr/m/n on input line 43.
LaTeX Font Info:    ... okay on input line 43.
LaTeX Font Info:    Checking defaults for OT1/cmr/m/n on input line 43.
LaTeX Font Info:    ... okay on input line 43.
LaTeX Font Info:    Checking defaults for OMS/cmsy/m/n on input line 43.
LaTeX Font Info:    ... okay on input line 43.
LaTeX Font Info:    Checking defaults for OMX/cmex/m/n on input line 43.
LaTeX Font Info:    ... okay on input line 43.
LaTeX Font Info:    Checking defaults for U/cmr/m/n on input line 43.
LaTeX Font Info:    ... okay on input line 43.
LaTeX Font Info:    Checking defaults for PD1/pdf/m/n on input line 43.
LaTeX Font Info:    ... okay on input line 43.

(C:\Users\ECONGUEST\AppData\Roaming\MiKTeX\2.9\tex\context\base\supp-pdf.mkii
[Loading MPS to PDF converter (version 2006.09.02).]
\scratchcounter=\count138
\scratchdimen=\dimen172
\scratchbox=\box41
\nofMPsegments=\count139
\nofMParguments=\count140
\everyMPshowfont=\toks38
\MPscratchCnt=\count141
\MPscratchDim=\dimen173
\MPnumerator=\count142
\makeMPintoPDFobject=\count143
\everyMPtoPDFconversion=\toks39
)
\c@lstlisting=\count144
 ABD: EveryShipout initializing macros
\AtBeginShipoutBox=\box42
Package hyperref Info: Link coloring OFF on input line 43.

("C:\Program Files (x86)\MiKTeX 2.9\tex\latex\hyperref\nameref.sty"
Package: nameref 2012/10/27 v2.43 Cross-referencing by name of section

("C:\Program Files (x86)\MiKTeX 2.9\tex\generic\oberdiek\gettitlestring.sty"
Package: gettitlestring 2010/12/03 v1.4 Cleanup title references (HO)
)
\c@section@level=\count145
)
LaTeX Info: Redefining \ref on input line 43.
LaTeX Info: Redefining \pageref on input line 43.
LaTeX Info: Redefining \nameref on input line 43.

(C:\Users\ECONGUEST\Documents\GitHub\Gametheory\Thesisfollowup\thesisfollowup.o
ut)
(C:\Users\ECONGUEST\Documents\GitHub\Gametheory\Thesisfollowup\thesisfollowup.o
ut)
\@outlinefile=\write4
 [1

{C:/Users/ECONGUEST/AppData/Local/MiKTeX/2.9/pdftex/config/pdftex.map}]
Package atveryend Info: Empty hook `BeforeClearDocument' on input line 70.
Package atveryend Info: Empty hook `AfterLastShipout' on input line 70.

(C:\Users\ECONGUEST\Documents\GitHub\Gametheory\Thesisfollowup\thesisfollowup.a
ux)
Package atveryend Info: Executing hook `AtVeryEndDocument' on input line 70.
Package atveryend Info: Executing hook `AtEndAfterFileList' on input line 70.


Package rerunfilecheck Warning: File `thesisfollowup.out' has changed.
(rerunfilecheck)                Rerun to get outlines right
(rerunfilecheck)                or use package `bookmark'.

Package rerunfilecheck Info: Checksums for `thesisfollowup.out':
(rerunfilecheck)             Before: A3687356BF5500CDE4686083C753C905;1253
(rerunfilecheck)             After:  BB364E7C21156403EF4838A8D1292F85;837.
Package atveryend Info: Empty hook `AtVeryVeryEnd' on input line 70.
 ) 
Here is how much of TeX's memory you used:
 17008 strings out of 493921
 316025 string characters out of 3144864
 400688 words of memory out of 3000000
 20019 multiletter control sequences out of 15000+200000
 8567 words of font info for 31 fonts, out of 3000000 for 9000
 841 hyphenation exceptions out of 8191
 55i,6n,54p,417b,344s stack positions out of 5000i,500n,10000p,200000b,50000s
pdfTeX warning (dest): name{section.8} has been referenced but does not exist
, replaced by a fixed one

pdfTeX warning (dest): name{section.7} has been referenced but does not exist, 
replaced by a fixed one

pdfTeX warning (dest): name{section.6} has been referenced but does not exist, 
replaced by a fixed one

<C:/Program Files (x86)/MiKTeX 2.9/fonts/type1/public/amsfonts/cm/cmbx12.pfb><C
:/Program Files (x86)/MiKTeX 2.9/fonts/type1/public/amsfonts/cm/cmr10.pfb><C:/P
rogram Files (x86)/MiKTeX 2.9/fonts/type1/public/amsfonts/cm/cmr12.pfb><C:/Prog
ram Files (x86)/MiKTeX 2.9/fonts/type1/public/amsfonts/cm/cmr17.pfb>
Output written on thesisfollowup.pdf (1 page, 48828 bytes).
PDF statistics:
 65 PDF objects out of 1000 (max. 8388607)
 10 named destinations out of 1000 (max. 500000)
 77 words of extra memory for PDF output out of 10000 (max. 10000000)

