\BOOKMARK [0][-]{chapter*.1}{Voorwoord}{}% 1
\BOOKMARK [0][-]{chapter*.3}{Samenvatting}{}% 2
\BOOKMARK [0][-]{chapter*.4}{Samenvatting}{}% 3
\BOOKMARK [0][-]{chapter*.5}{Lijst van figuren en tabellen}{}% 4
\BOOKMARK [0][-]{chapter*.8}{List of Abbreviations and Symbols}{}% 5
\BOOKMARK [0][-]{chapter.1}{Introduction}{}% 6
\BOOKMARK [1][-]{section.1.1}{Introduction}{chapter.1}% 7
\BOOKMARK [1][-]{section.1.2}{introduction number 2}{chapter.1}% 8
\BOOKMARK [0][-]{chapter.2}{FlipIt with virus propagation }{}% 9
\BOOKMARK [1][-]{section.2.1}{FlipIt vs FlipIt with virus propagation}{chapter.2}% 10
\BOOKMARK [1][-]{section.2.2}{Gain formula for a FlipIt game without virus propagation}{chapter.2}% 11
\BOOKMARK [1][-]{section.2.3}{Gain and benefit formula for a FlipIt game with virus propagation}{chapter.2}% 12
\BOOKMARK [0][-]{chapter.3}{Formula}{}% 13
\BOOKMARK [1][-]{section.3.1}{Explaining difference between FlipIt with and without virus propagation}{chapter.3}% 14
\BOOKMARK [1][-]{section.3.2}{Benefit for FlipIt game with virus propagation}{chapter.3}% 15
\BOOKMARK [1][-]{section.3.3}{something}{chapter.3}% 16
\BOOKMARK [0][-]{chapter.4}{The Final Chapter}{}% 17
\BOOKMARK [1][-]{section.4.1}{chap}{chapter.4}% 18
\BOOKMARK [0][-]{chapter.5}{Conclusion}{}% 19
\BOOKMARK [1][-]{section.5.1}{trala}{chapter.5}% 20
\BOOKMARK [0][-]{appendix.A}{The First Appendix}{}% 21
\BOOKMARK [1][-]{section.A.1}{More Lorem}{appendix.A}% 22
\BOOKMARK [0][-]{appendix.B}{The Last Appendix}{}% 23
\BOOKMARK [1][-]{section.B.1}{Lorem 20-24}{appendix.B}% 24
