This is pdfTeX, Version 3.1415926-2.5-1.40.14 (MiKTeX 2.9) (preloaded format=pdftex 2015.2.21)  21 FEB 2015 18:58
entering extended mode
**C:/Users/ECONGUEST/Documents/GitHub/Gametheory/doc/template/references.bib
(C:/Users/ECONGUEST/Documents/GitHub/Gametheory/doc/template/references.bib
Missing character: There is no â in font cmr10!
Missing character: There is no € in font cmr10!
Missing character: There is no œ in font cmr10!
Missing character: There is no â in font cmr10!
Missing character: There is no € in font cmr10!
Missing character: There is no  in font cmr10!
Missing character: There is no â in font cmr10!
Missing character: There is no € in font cmr10!
Missing character: There is no ™ in font cmr10!
Missing character: There is no â in font cmr10!
Missing character: There is no € in font cmr10!
Missing character: There is no ™ in font cmr10!
Missing character: There is no â in font cmr10!
Missing character: There is no € in font cmr10!
Missing character: There is no œ in font cmr10!
Missing character: There is no â in font cmr10!
Missing character: There is no € in font cmr10!
Missing character: There is no  in font cmr10!
Missing character: There is no â in font cmr10!
Missing character: There is no € in font cmr10!
Missing character: There is no ™ in font cmr10!
Missing character: There is no â in font cmr10!
Missing character: There is no € in font cmr10!
Missing character: There is no ™ in font cmr10!

Underfull \vbox (badness 2884) has occurred while \output is active
\vbox(643.20255+1.94444)x469.75499, glue set 3.06752
.\glue(\topskip) 3.05556
.\hbox(6.94444+1.94444)x469.75499, glue set 0.80429
..\hbox(0.0+0.0)x20.0
..\tenrm @
..\tenrm a
..\tenrm r
..\tenrm t
..etc.
.\penalty 150
.\glue(\baselineskip) 3.11111
.\hbox(6.94444+1.94444)x469.75499, glue set 0.11513
..\tenrm a
..\tenrm b
..\tenrm l
..\tenrm e
..\glue 3.33333 plus 1.66666 minus 1.11111
..etc.
.etc.

 [1{C:/Users/ECONGUEST/AppData/Local/MiKTeX/2.9/pdftex/config/pdftex.map}]
Missing character: There is no â in font cmr10!
Missing character: There is no € in font cmr10!
Missing character: There is no œ in font cmr10!
Missing character: There is no â in font cmr10!
Missing character: There is no € in font cmr10!
Missing character: There is no  in font cmr10!
Missing character: There is no â in font cmr10!
Missing character: There is no € in font cmr10!
Missing character: There is no ™ in font cmr10!
Missing character: There is no â in font cmr10!
Missing character: There is no € in font cmr10!
Missing character: There is no ™ in font cmr10!

Overfull \hbox (63.59332pt too wide) in paragraph at lines 101--106
[]\tenrm @MiscwikiGT, au-thor = Wikipedia, ti-tle = Game The-ory, how-pub-lishe
d = http://http://en.wikipedia.org/wiki/Game-|

\hbox(7.5+2.5)x469.75499, glue set - 1.0
.\hbox(0.0+0.0)x20.0
.\tenrm @
.\tenrm M
.\tenrm i
.\tenrm s
.etc.

! Too many }'s.
l.111 ...theory-004}, last checked on 2015-02-22}}
                                                  
? 
! Emergency stop.
l.111 ...theory-004}, last checked on 2015-02-22}}
                                                  
End of file on the terminal!

!  ==> Fatal error occurred, no output PDF file produced!
